{"/mnt/data/wd/worldBuilder/data/characters.json": {"path":"/mnt/data/wd/worldBuilder/data/characters.json","statementMap":{},"fnMap":{},"branchMap":{},"s":{},"f":{},"b":{},"meta":{"lastBranch":0,"lastFunction":0,"lastStatement":0,"seen":{}}}
,"/mnt/data/wd/worldBuilder/data/economy.json": {"path":"/mnt/data/wd/worldBuilder/data/economy.json","statementMap":{},"fnMap":{},"branchMap":{},"s":{},"f":{},"b":{},"meta":{"lastBranch":0,"lastFunction":0,"lastStatement":0,"seen":{}}}
,"/mnt/data/wd/worldBuilder/data/map-data.json": {"path":"/mnt/data/wd/worldBuilder/data/map-data.json","statementMap":{},"fnMap":{},"branchMap":{},"s":{},"f":{},"b":{},"meta":{"lastBranch":0,"lastFunction":0,"lastStatement":0,"seen":{}}}
,"/mnt/data/wd/worldBuilder/data/timeline.json": {"path":"/mnt/data/wd/worldBuilder/data/timeline.json","statementMap":{},"fnMap":{},"branchMap":{},"s":{},"f":{},"b":{},"meta":{"lastBranch":0,"lastFunction":0,"lastStatement":0,"seen":{}}}
,"/mnt/data/wd/worldBuilder/data/world-bible.json": {"path":"/mnt/data/wd/worldBuilder/data/world-bible.json","statementMap":{},"fnMap":{},"branchMap":{},"s":{},"f":{},"b":{},"meta":{"lastBranch":0,"lastFunction":0,"lastStatement":0,"seen":{}}}
,"/mnt/data/wd/worldBuilder/src/components/shared/LoadingScreen.tsx": {"path":"/mnt/data/wd/worldBuilder/src/components/shared/LoadingScreen.tsx","statementMap":{"0":{"start":{"line":11,"column":24},"end":{"line":11,"column":null}},"1":{"start":{"line":12,"column":32},"end":{"line":12,"column":null}},"2":{"start":{"line":14,"column":2},"end":{"line":50,"column":null}},"3":{"start":{"line":16,"column":19},"end":{"line":16,"column":null}},"4":{"start":{"line":16,"column":36},"end":{"line":16,"column":49}},"5":{"start":{"line":19,"column":19},"end":{"line":19,"column":null}},"6":{"start":{"line":19,"column":36},"end":{"line":19,"column":49}},"7":{"start":{"line":22,"column":19},"end":{"line":32,"column":null}},"8":{"start":{"line":23,"column":14},"end":{"line":23,"column":null}},"9":{"start":{"line":24,"column":21},"end":{"line":31,"column":null}},"10":{"start":{"line":25,"column":8},"end":{"line":25,"column":null}},"11":{"start":{"line":26,"column":8},"end":{"line":26,"column":null}},"12":{"start":{"line":27,"column":8},"end":{"line":30,"column":null}},"13":{"start":{"line":28,"column":10},"end":{"line":28,"column":null}},"14":{"start":{"line":29,"column":10},"end":{"line":29,"column":null}},"15":{"start":{"line":35,"column":19},"end":{"line":35,"column":null}},"16":{"start":{"line":35,"column":36},"end":{"line":35,"column":49}},"17":{"start":{"line":38,"column":19},"end":{"line":41,"column":null}},"18":{"start":{"line":39,"column":6},"end":{"line":39,"column":null}},"19":{"start":{"line":40,"column":6},"end":{"line":40,"column":null}},"20":{"start":{"line":43,"column":4},"end":{"line":49,"column":null}},"21":{"start":{"line":44,"column":6},"end":{"line":44,"column":null}},"22":{"start":{"line":45,"column":6},"end":{"line":45,"column":null}},"23":{"start":{"line":46,"column":6},"end":{"line":46,"column":null}},"24":{"start":{"line":47,"column":6},"end":{"line":47,"column":null}},"25":{"start":{"line":48,"column":6},"end":{"line":48,"column":null}},"26":{"start":{"line":52,"column":21},"end":{"line":52,"column":null}},"27":{"start":{"line":54,"column":2},"end":{"line":54,"column":null}},"28":{"start":{"line":54,"column":19},"end":{"line":54,"column":null}},"29":{"start":{"line":56,"column":2},"end":{"line":146,"column":null}},"30":{"start":{"line":67,"column":12},"end":{"line":78,"column":null}}},"fnMap":{"0":{"name":"LoadingScreen","decl":{"start":{"line":10,"column":16},"end":{"line":10,"column":30}},"loc":{"start":{"line":10,"column":86},"end":{"line":148,"column":null}},"line":10},"1":{"name":"(anonymous_1)","decl":{"start":{"line":14,"column":12},"end":{"line":14,"column":18}},"loc":{"start":{"line":14,"column":18},"end":{"line":50,"column":5}},"line":14},"2":{"name":"(anonymous_2)","decl":{"start":{"line":16,"column":30},"end":{"line":16,"column":36}},"loc":{"start":{"line":16,"column":36},"end":{"line":16,"column":49}},"line":16},"3":{"name":"(anonymous_3)","decl":{"start":{"line":19,"column":30},"end":{"line":19,"column":36}},"loc":{"start":{"line":19,"column":36},"end":{"line":19,"column":49}},"line":19},"4":{"name":"(anonymous_4)","decl":{"start":{"line":22,"column":30},"end":{"line":22,"column":36}},"loc":{"start":{"line":22,"column":36},"end":{"line":32,"column":7}},"line":22},"5":{"name":"(anonymous_5)","decl":{"start":{"line":24,"column":33},"end":{"line":24,"column":39}},"loc":{"start":{"line":24,"column":39},"end":{"line":31,"column":9}},"line":24},"6":{"name":"(anonymous_6)","decl":{"start":{"line":35,"column":30},"end":{"line":35,"column":36}},"loc":{"start":{"line":35,"column":36},"end":{"line":35,"column":49}},"line":35},"7":{"name":"(anonymous_7)","decl":{"start":{"line":38,"column":30},"end":{"line":38,"column":36}},"loc":{"start":{"line":38,"column":36},"end":{"line":41,"column":7}},"line":38},"8":{"name":"(anonymous_8)","decl":{"start":{"line":43,"column":11},"end":{"line":43,"column":17}},"loc":{"start":{"line":43,"column":17},"end":{"line":49,"column":null}},"line":43},"9":{"name":"(anonymous_9)","decl":{"start":{"line":66,"column":30},"end":{"line":66,"column":31}},"loc":{"start":{"line":67,"column":12},"end":{"line":78,"column":null}},"line":67}},"branchMap":{"0":{"loc":{"start":{"line":27,"column":8},"end":{"line":30,"column":null}},"type":"if","locations":[{"start":{"line":27,"column":8},"end":{"line":30,"column":null}},{"start":{},"end":{}}],"line":27},"1":{"loc":{"start":{"line":54,"column":2},"end":{"line":54,"column":null}},"type":"if","locations":[{"start":{"line":54,"column":2},"end":{"line":54,"column":null}},{"start":{},"end":{}}],"line":54},"2":{"loc":{"start":{"line":87,"column":23},"end":{"line":87,"column":null}},"type":"cond-expr","locations":[{"start":{"line":87,"column":36},"end":{"line":87,"column":40}},{"start":{"line":87,"column":40},"end":{"line":87,"column":null}}],"line":87},"3":{"loc":{"start":{"line":88,"column":21},"end":{"line":88,"column":null}},"type":"cond-expr","locations":[{"start":{"line":88,"column":34},"end":{"line":88,"column":38}},{"start":{"line":88,"column":38},"end":{"line":88,"column":null}}],"line":88},"4":{"loc":{"start":{"line":103,"column":32},"end":{"line":103,"column":51}},"type":"cond-expr","locations":[{"start":{"line":103,"column":45},"end":{"line":103,"column":49}},{"start":{"line":103,"column":49},"end":{"line":103,"column":51}}],"line":103},"5":{"loc":{"start":{"line":120,"column":23},"end":{"line":120,"column":null}},"type":"cond-expr","locations":[{"start":{"line":120,"column":36},"end":{"line":120,"column":40}},{"start":{"line":120,"column":40},"end":{"line":120,"column":null}}],"line":120},"6":{"loc":{"start":{"line":121,"column":17},"end":{"line":121,"column":null}},"type":"cond-expr","locations":[{"start":{"line":121,"column":30},"end":{"line":121,"column":34}},{"start":{"line":121,"column":34},"end":{"line":121,"column":null}}],"line":121},"7":{"loc":{"start":{"line":133,"column":23},"end":{"line":133,"column":null}},"type":"cond-expr","locations":[{"start":{"line":133,"column":36},"end":{"line":133,"column":40}},{"start":{"line":133,"column":40},"end":{"line":133,"column":null}}],"line":133},"8":{"loc":{"start":{"line":134,"column":17},"end":{"line":134,"column":null}},"type":"cond-expr","locations":[{"start":{"line":134,"column":30},"end":{"line":134,"column":34}},{"start":{"line":134,"column":34},"end":{"line":134,"column":null}}],"line":134}},"s":{"0":4,"1":4,"2":4,"3":4,"4":0,"5":4,"6":0,"7":4,"8":0,"9":0,"10":0,"11":0,"12":0,"13":0,"14":0,"15":4,"16":0,"17":4,"18":0,"19":0,"20":4,"21":4,"22":4,"23":4,"24":4,"25":4,"26":4,"27":4,"28":0,"29":4,"30":80},"f":{"0":4,"1":4,"2":0,"3":0,"4":0,"5":0,"6":0,"7":0,"8":4,"9":80},"b":{"0":[0,0],"1":[0,4],"2":[0,4],"3":[0,4],"4":[0,4],"5":[0,4],"6":[0,4],"7":[0,4],"8":[0,4]},"meta":{"lastBranch":9,"lastFunction":10,"lastStatement":31,"seen":{"f:10:16:10:30":0,"s:11:24:11:Infinity":0,"s:12:32:12:Infinity":1,"s:14:2:50:Infinity":2,"f:14:12:14:18":1,"s:16:19:16:Infinity":3,"f:16:30:16:36":2,"s:16:36:16:49":4,"s:19:19:19:Infinity":5,"f:19:30:19:36":3,"s:19:36:19:49":6,"s:22:19:32:Infinity":7,"f:22:30:22:36":4,"s:23:14:23:Infinity":8,"s:24:21:31:Infinity":9,"f:24:33:24:39":5,"s:25:8:25:Infinity":10,"s:26:8:26:Infinity":11,"b:27:8:30:Infinity:undefined:undefined:undefined:undefined":0,"s:27:8:30:Infinity":12,"s:28:10:28:Infinity":13,"s:29:10:29:Infinity":14,"s:35:19:35:Infinity":15,"f:35:30:35:36":6,"s:35:36:35:49":16,"s:38:19:41:Infinity":17,"f:38:30:38:36":7,"s:39:6:39:Infinity":18,"s:40:6:40:Infinity":19,"s:43:4:49:Infinity":20,"f:43:11:43:17":8,"s:44:6:44:Infinity":21,"s:45:6:45:Infinity":22,"s:46:6:46:Infinity":23,"s:47:6:47:Infinity":24,"s:48:6:48:Infinity":25,"s:52:21:52:Infinity":26,"b:54:2:54:Infinity:undefined:undefined:undefined:undefined":1,"s:54:2:54:Infinity":27,"s:54:19:54:Infinity":28,"s:56:2:146:Infinity":29,"f:66:30:66:31":9,"s:67:12:78:Infinity":30,"b:87:36:87:40:87:40:87:Infinity":2,"b:88:34:88:38:88:38:88:Infinity":3,"b:103:45:103:49:103:49:103:51":4,"b:120:36:120:40:120:40:120:Infinity":5,"b:121:30:121:34:121:34:121:Infinity":6,"b:133:36:133:40:133:40:133:Infinity":7,"b:134:30:134:34:134:34:134:Infinity":8}}}
,"/mnt/data/wd/worldBuilder/src/components/shared/PageTransition.tsx": {"path":"/mnt/data/wd/worldBuilder/src/components/shared/PageTransition.tsx","statementMap":{"0":{"start":{"line":14,"column":2},"end":{"line":14,"column":null}},"1":{"start":{"line":14,"column":37},"end":{"line":14,"column":null}},"2":{"start":{"line":15,"column":21},"end":{"line":15,"column":null}},"3":{"start":{"line":16,"column":2},"end":{"line":16,"column":null}},"4":{"start":{"line":29,"column":40},"end":{"line":29,"column":null}},"5":{"start":{"line":31,"column":2},"end":{"line":40,"column":null}},"6":{"start":{"line":32,"column":23},"end":{"line":32,"column":null}},"7":{"start":{"line":34,"column":25},"end":{"line":36,"column":null}},"8":{"start":{"line":35,"column":6},"end":{"line":35,"column":null}},"9":{"start":{"line":38,"column":4},"end":{"line":38,"column":null}},"10":{"start":{"line":39,"column":4},"end":{"line":39,"column":null}},"11":{"start":{"line":39,"column":17},"end":{"line":39,"column":null}},"12":{"start":{"line":42,"column":19},"end":{"line":63,"column":null}},"13":{"start":{"line":65,"column":27},"end":{"line":65,"column":null}},"14":{"start":{"line":67,"column":2},"end":{"line":69,"column":null}},"15":{"start":{"line":68,"column":4},"end":{"line":68,"column":null}},"16":{"start":{"line":71,"column":2},"end":{"line":89,"column":null}},"17":{"start":{"line":103,"column":28},"end":{"line":111,"column":null}},"18":{"start":{"line":113,"column":23},"end":{"line":123,"column":null}},"19":{"start":{"line":125,"column":2},"end":{"line":139,"column":null}},"20":{"start":{"line":134,"column":12},"end":{"line":136,"column":null}},"21":{"start":{"line":155,"column":2},"end":{"line":167,"column":null}}},"fnMap":{"0":{"name":"getInitialAnimationPreference","decl":{"start":{"line":13,"column":9},"end":{"line":13,"column":50}},"loc":{"start":{"line":13,"column":50},"end":{"line":17,"column":null}},"line":13},"1":{"name":"PageTransition","decl":{"start":{"line":24,"column":16},"end":{"line":24,"column":31}},"loc":{"start":{"line":28,"column":24},"end":{"line":91,"column":null}},"line":28},"2":{"name":"(anonymous_2)","decl":{"start":{"line":31,"column":12},"end":{"line":31,"column":18}},"loc":{"start":{"line":31,"column":18},"end":{"line":40,"column":5}},"line":31},"3":{"name":"(anonymous_3)","decl":{"start":{"line":34,"column":25},"end":{"line":34,"column":26}},"loc":{"start":{"line":34,"column":53},"end":{"line":36,"column":null}},"line":34},"4":{"name":"(anonymous_4)","decl":{"start":{"line":39,"column":11},"end":{"line":39,"column":17}},"loc":{"start":{"line":39,"column":17},"end":{"line":39,"column":null}},"line":39},"5":{"name":"StaggerChildren","decl":{"start":{"line":96,"column":16},"end":{"line":96,"column":32}},"loc":{"start":{"line":102,"column":3},"end":{"line":141,"column":null}},"line":102},"6":{"name":"(anonymous_6)","decl":{"start":{"line":133,"column":23},"end":{"line":133,"column":24}},"loc":{"start":{"line":134,"column":12},"end":{"line":136,"column":null}},"line":134},"7":{"name":"FadeIn","decl":{"start":{"line":146,"column":16},"end":{"line":146,"column":23}},"loc":{"start":{"line":154,"column":3},"end":{"line":169,"column":null}},"line":154}},"branchMap":{"0":{"loc":{"start":{"line":14,"column":2},"end":{"line":14,"column":null}},"type":"if","locations":[{"start":{"line":14,"column":2},"end":{"line":14,"column":null}},{"start":{},"end":{}}],"line":14},"1":{"loc":{"start":{"line":26,"column":2},"end":{"line":26,"column":null}},"type":"default-arg","locations":[{"start":{"line":26,"column":9},"end":{"line":26,"column":null}}],"line":26},"2":{"loc":{"start":{"line":27,"column":2},"end":{"line":27,"column":null}},"type":"default-arg","locations":[{"start":{"line":27,"column":13},"end":{"line":27,"column":null}}],"line":27},"3":{"loc":{"start":{"line":67,"column":2},"end":{"line":69,"column":null}},"type":"if","locations":[{"start":{"line":67,"column":2},"end":{"line":69,"column":null}},{"start":{},"end":{}}],"line":67},"4":{"loc":{"start":{"line":67,"column":6},"end":{"line":67,"column":41}},"type":"binary-expr","locations":[{"start":{"line":67,"column":6},"end":{"line":67,"column":24}},{"start":{"line":67,"column":24},"end":{"line":67,"column":41}}],"line":67},"5":{"loc":{"start":{"line":98,"column":2},"end":{"line":98,"column":null}},"type":"default-arg","locations":[{"start":{"line":98,"column":10},"end":{"line":98,"column":null}}],"line":98},"6":{"loc":{"start":{"line":132,"column":7},"end":{"line":138,"column":null}},"type":"cond-expr","locations":[{"start":{"line":133,"column":10},"end":{"line":137,"column":null}},{"start":{"line":138,"column":10},"end":{"line":138,"column":null}}],"line":132},"7":{"loc":{"start":{"line":148,"column":2},"end":{"line":148,"column":null}},"type":"default-arg","locations":[{"start":{"line":148,"column":10},"end":{"line":148,"column":null}}],"line":148},"8":{"loc":{"start":{"line":149,"column":2},"end":{"line":149,"column":null}},"type":"default-arg","locations":[{"start":{"line":149,"column":13},"end":{"line":149,"column":null}}],"line":149}},"s":{"0":3,"1":0,"2":3,"3":3,"4":3,"5":3,"6":3,"7":3,"8":0,"9":3,"10":3,"11":3,"12":3,"13":3,"14":3,"15":0,"16":3,"17":1,"18":1,"19":1,"20":2,"21":1},"f":{"0":3,"1":3,"2":3,"3":0,"4":3,"5":1,"6":2,"7":1},"b":{"0":[0,3],"1":[3],"2":[3],"3":[0,3],"4":[3,3],"5":[1],"6":[1,0],"7":[1],"8":[1]},"meta":{"lastBranch":9,"lastFunction":8,"lastStatement":22,"seen":{"f:13:9:13:50":0,"b:14:2:14:Infinity:undefined:undefined:undefined:undefined":0,"s:14:2:14:Infinity":0,"s:14:37:14:Infinity":1,"s:15:21:15:Infinity":2,"s:16:2:16:Infinity":3,"f:24:16:24:31":1,"b:26:9:26:Infinity":1,"b:27:13:27:Infinity":2,"s:29:40:29:Infinity":4,"s:31:2:40:Infinity":5,"f:31:12:31:18":2,"s:32:23:32:Infinity":6,"s:34:25:36:Infinity":7,"f:34:25:34:26":3,"s:35:6:35:Infinity":8,"s:38:4:38:Infinity":9,"s:39:4:39:Infinity":10,"f:39:11:39:17":4,"s:39:17:39:Infinity":11,"s:42:19:63:Infinity":12,"s:65:27:65:Infinity":13,"b:67:2:69:Infinity:undefined:undefined:undefined:undefined":3,"s:67:2:69:Infinity":14,"b:67:6:67:24:67:24:67:41":4,"s:68:4:68:Infinity":15,"s:71:2:89:Infinity":16,"f:96:16:96:32":5,"b:98:10:98:Infinity":5,"s:103:28:111:Infinity":17,"s:113:23:123:Infinity":18,"s:125:2:139:Infinity":19,"b:133:10:137:Infinity:138:10:138:Infinity":6,"f:133:23:133:24":6,"s:134:12:136:Infinity":20,"f:146:16:146:23":7,"b:148:10:148:Infinity":7,"b:149:13:149:Infinity":8,"s:155:2:167:Infinity":21}}}
,"/mnt/data/wd/worldBuilder/src/components/shared/ParticleCanvas.tsx": {"path":"/mnt/data/wd/worldBuilder/src/components/shared/ParticleCanvas.tsx","statementMap":{"0":{"start":{"line":30,"column":8},"end":{"line":30,"column":null}},"1":{"start":{"line":31,"column":8},"end":{"line":31,"column":null}},"2":{"start":{"line":32,"column":8},"end":{"line":32,"column":null}},"3":{"start":{"line":33,"column":8},"end":{"line":33,"column":null}},"4":{"start":{"line":36,"column":8},"end":{"line":42,"column":null}},"5":{"start":{"line":44,"column":8},"end":{"line":57,"column":null}},"6":{"start":{"line":45,"column":19},"end":{"line":45,"column":null}},"7":{"start":{"line":46,"column":22},"end":{"line":46,"column":null}},"8":{"start":{"line":47,"column":4},"end":{"line":56,"column":null}},"9":{"start":{"line":59,"column":8},"end":{"line":63,"column":null}},"10":{"start":{"line":60,"column":4},"end":{"line":62,"column":null}},"11":{"start":{"line":61,"column":6},"end":{"line":61,"column":null}},"12":{"start":{"line":65,"column":8},"end":{"line":124,"column":null}},"13":{"start":{"line":66,"column":22},"end":{"line":66,"column":null}},"14":{"start":{"line":69,"column":4},"end":{"line":102,"column":null}},"15":{"start":{"line":71,"column":6},"end":{"line":71,"column":null}},"16":{"start":{"line":72,"column":6},"end":{"line":72,"column":null}},"17":{"start":{"line":75,"column":6},"end":{"line":75,"column":null}},"18":{"start":{"line":76,"column":6},"end":{"line":78,"column":null}},"19":{"start":{"line":77,"column":8},"end":{"line":77,"column":null}},"20":{"start":{"line":81,"column":6},"end":{"line":81,"column":null}},"21":{"start":{"line":81,"column":28},"end":{"line":81,"column":null}},"22":{"start":{"line":82,"column":6},"end":{"line":82,"column":null}},"23":{"start":{"line":82,"column":35},"end":{"line":82,"column":null}},"24":{"start":{"line":83,"column":6},"end":{"line":83,"column":null}},"25":{"start":{"line":83,"column":28},"end":{"line":83,"column":null}},"26":{"start":{"line":84,"column":6},"end":{"line":84,"column":null}},"27":{"start":{"line":84,"column":36},"end":{"line":84,"column":null}},"28":{"start":{"line":87,"column":17},"end":{"line":87,"column":null}},"29":{"start":{"line":88,"column":17},"end":{"line":88,"column":null}},"30":{"start":{"line":89,"column":23},"end":{"line":89,"column":null}},"31":{"start":{"line":90,"column":6},"end":{"line":95,"column":null}},"32":{"start":{"line":91,"column":22},"end":{"line":91,"column":null}},"33":{"start":{"line":92,"column":14},"end":{"line":92,"column":null}},"34":{"start":{"line":93,"column":8},"end":{"line":93,"column":null}},"35":{"start":{"line":94,"column":8},"end":{"line":94,"column":null}},"36":{"start":{"line":98,"column":6},"end":{"line":98,"column":null}},"37":{"start":{"line":99,"column":6},"end":{"line":99,"column":null}},"38":{"start":{"line":100,"column":6},"end":{"line":100,"column":null}},"39":{"start":{"line":101,"column":6},"end":{"line":101,"column":null}},"40":{"start":{"line":105,"column":4},"end":{"line":105,"column":null}},"41":{"start":{"line":106,"column":4},"end":{"line":106,"column":null}},"42":{"start":{"line":108,"column":4},"end":{"line":123,"column":null}},"43":{"start":{"line":108,"column":17},"end":{"line":108,"column":20}},"44":{"start":{"line":109,"column":6},"end":{"line":122,"column":null}},"45":{"start":{"line":109,"column":19},"end":{"line":109,"column":26}},"46":{"start":{"line":110,"column":19},"end":{"line":110,"column":null}},"47":{"start":{"line":111,"column":19},"end":{"line":111,"column":null}},"48":{"start":{"line":112,"column":25},"end":{"line":112,"column":null}},"49":{"start":{"line":114,"column":8},"end":{"line":121,"column":null}},"50":{"start":{"line":115,"column":16},"end":{"line":115,"column":null}},"51":{"start":{"line":116,"column":10},"end":{"line":116,"column":null}},"52":{"start":{"line":117,"column":10},"end":{"line":117,"column":null}},"53":{"start":{"line":118,"column":10},"end":{"line":118,"column":null}},"54":{"start":{"line":119,"column":10},"end":{"line":119,"column":null}},"55":{"start":{"line":120,"column":10},"end":{"line":120,"column":null}},"56":{"start":{"line":127,"column":8},"end":{"line":127,"column":null}},"57":{"start":{"line":129,"column":8},"end":{"line":142,"column":null}},"58":{"start":{"line":130,"column":19},"end":{"line":130,"column":null}},"59":{"start":{"line":131,"column":4},"end":{"line":131,"column":null}},"60":{"start":{"line":131,"column":17},"end":{"line":131,"column":null}},"61":{"start":{"line":133,"column":16},"end":{"line":133,"column":null}},"62":{"start":{"line":134,"column":4},"end":{"line":134,"column":null}},"63":{"start":{"line":134,"column":14},"end":{"line":134,"column":null}},"64":{"start":{"line":136,"column":4},"end":{"line":136,"column":null}},"65":{"start":{"line":137,"column":4},"end":{"line":137,"column":null}},"66":{"start":{"line":139,"column":4},"end":{"line":141,"column":null}},"67":{"start":{"line":140,"column":6},"end":{"line":140,"column":null}},"68":{"start":{"line":144,"column":2},"end":{"line":160,"column":null}},"69":{"start":{"line":146,"column":4},"end":{"line":159,"column":null}},"70":{"start":{"line":147,"column":21},"end":{"line":147,"column":null}},"71":{"start":{"line":148,"column":6},"end":{"line":148,"column":null}},"72":{"start":{"line":148,"column":19},"end":{"line":148,"column":null}},"73":{"start":{"line":150,"column":18},"end":{"line":150,"column":null}},"74":{"start":{"line":151,"column":6},"end":{"line":151,"column":null}},"75":{"start":{"line":151,"column":16},"end":{"line":151,"column":null}},"76":{"start":{"line":153,"column":6},"end":{"line":153,"column":null}},"77":{"start":{"line":154,"column":6},"end":{"line":154,"column":null}},"78":{"start":{"line":156,"column":6},"end":{"line":158,"column":null}},"79":{"start":{"line":157,"column":8},"end":{"line":157,"column":null}},"80":{"start":{"line":162,"column":2},"end":{"line":204,"column":null}},"81":{"start":{"line":163,"column":19},"end":{"line":163,"column":null}},"82":{"start":{"line":164,"column":4},"end":{"line":164,"column":null}},"83":{"start":{"line":164,"column":17},"end":{"line":164,"column":null}},"84":{"start":{"line":166,"column":25},"end":{"line":179,"column":null}},"85":{"start":{"line":167,"column":18},"end":{"line":167,"column":null}},"86":{"start":{"line":168,"column":19},"end":{"line":168,"column":null}},"87":{"start":{"line":169,"column":6},"end":{"line":169,"column":null}},"88":{"start":{"line":170,"column":6},"end":{"line":170,"column":null}},"89":{"start":{"line":172,"column":18},"end":{"line":172,"column":null}},"90":{"start":{"line":173,"column":6},"end":{"line":175,"column":null}},"91":{"start":{"line":174,"column":8},"end":{"line":174,"column":null}},"92":{"start":{"line":178,"column":6},"end":{"line":178,"column":null}},"93":{"start":{"line":181,"column":28},"end":{"line":187,"column":null}},"94":{"start":{"line":182,"column":19},"end":{"line":182,"column":null}},"95":{"start":{"line":183,"column":6},"end":{"line":186,"column":null}},"96":{"start":{"line":190,"column":4},"end":{"line":190,"column":null}},"97":{"start":{"line":191,"column":4},"end":{"line":191,"column":null}},"98":{"start":{"line":192,"column":4},"end":{"line":192,"column":null}},"99":{"start":{"line":195,"column":4},"end":{"line":195,"column":null}},"100":{"start":{"line":197,"column":4},"end":{"line":203,"column":null}},"101":{"start":{"line":198,"column":6},"end":{"line":198,"column":null}},"102":{"start":{"line":199,"column":6},"end":{"line":199,"column":null}},"103":{"start":{"line":200,"column":6},"end":{"line":202,"column":null}},"104":{"start":{"line":201,"column":8},"end":{"line":201,"column":null}},"105":{"start":{"line":206,"column":2},"end":{"line":215,"column":null}}},"fnMap":{"0":{"name":"ParticleCanvas","decl":{"start":{"line":25,"column":16},"end":{"line":25,"column":31}},"loc":{"start":{"line":29,"column":24},"end":{"line":217,"column":null}},"line":29},"1":{"name":"(anonymous_1)","decl":{"start":{"line":44,"column":37},"end":{"line":44,"column":38}},"loc":{"start":{"line":44,"column":82},"end":{"line":57,"column":5}},"line":44},"2":{"name":"(anonymous_2)","decl":{"start":{"line":59,"column":36},"end":{"line":59,"column":37}},"loc":{"start":{"line":59,"column":71},"end":{"line":63,"column":5}},"line":59},"3":{"name":"(anonymous_3)","decl":{"start":{"line":60,"column":65},"end":{"line":60,"column":null}},"loc":{"start":{"line":61,"column":6},"end":{"line":61,"column":null}},"line":61},"4":{"name":"(anonymous_4)","decl":{"start":{"line":65,"column":36},"end":{"line":65,"column":37}},"loc":{"start":{"line":65,"column":102},"end":{"line":124,"column":5}},"line":65},"5":{"name":"(anonymous_5)","decl":{"start":{"line":69,"column":22},"end":{"line":69,"column":23}},"loc":{"start":{"line":69,"column":36},"end":{"line":102,"column":5}},"line":69},"6":{"name":"(anonymous_6)","decl":{"start":{"line":129,"column":30},"end":{"line":129,"column":36}},"loc":{"start":{"line":129,"column":36},"end":{"line":142,"column":5}},"line":129},"7":{"name":"(anonymous_7)","decl":{"start":{"line":144,"column":12},"end":{"line":144,"column":18}},"loc":{"start":{"line":144,"column":18},"end":{"line":160,"column":5}},"line":144},"8":{"name":"(anonymous_8)","decl":{"start":{"line":146,"column":33},"end":{"line":146,"column":39}},"loc":{"start":{"line":146,"column":39},"end":{"line":159,"column":null}},"line":146},"9":{"name":"(anonymous_9)","decl":{"start":{"line":162,"column":12},"end":{"line":162,"column":18}},"loc":{"start":{"line":162,"column":18},"end":{"line":204,"column":5}},"line":162},"10":{"name":"(anonymous_10)","decl":{"start":{"line":166,"column":25},"end":{"line":166,"column":31}},"loc":{"start":{"line":166,"column":31},"end":{"line":179,"column":null}},"line":166},"11":{"name":"(anonymous_11)","decl":{"start":{"line":181,"column":28},"end":{"line":181,"column":29}},"loc":{"start":{"line":181,"column":47},"end":{"line":187,"column":null}},"line":181},"12":{"name":"(anonymous_12)","decl":{"start":{"line":197,"column":11},"end":{"line":197,"column":17}},"loc":{"start":{"line":197,"column":17},"end":{"line":203,"column":null}},"line":197}},"branchMap":{"0":{"loc":{"start":{"line":26,"column":2},"end":{"line":26,"column":null}},"type":"default-arg","locations":[{"start":{"line":26,"column":18},"end":{"line":26,"column":null}}],"line":26},"1":{"loc":{"start":{"line":27,"column":2},"end":{"line":27,"column":null}},"type":"default-arg","locations":[{"start":{"line":27,"column":23},"end":{"line":27,"column":null}}],"line":27},"2":{"loc":{"start":{"line":28,"column":2},"end":{"line":28,"column":null}},"type":"default-arg","locations":[{"start":{"line":28,"column":10},"end":{"line":28,"column":null}}],"line":28},"3":{"loc":{"start":{"line":76,"column":6},"end":{"line":78,"column":null}},"type":"if","locations":[{"start":{"line":76,"column":6},"end":{"line":78,"column":null}},{"start":{},"end":{}}],"line":76},"4":{"loc":{"start":{"line":76,"column":10},"end":{"line":76,"column":58}},"type":"binary-expr","locations":[{"start":{"line":76,"column":10},"end":{"line":76,"column":35}},{"start":{"line":76,"column":35},"end":{"line":76,"column":58}}],"line":76},"5":{"loc":{"start":{"line":81,"column":6},"end":{"line":81,"column":null}},"type":"if","locations":[{"start":{"line":81,"column":6},"end":{"line":81,"column":null}},{"start":{},"end":{}}],"line":81},"6":{"loc":{"start":{"line":82,"column":6},"end":{"line":82,"column":null}},"type":"if","locations":[{"start":{"line":82,"column":6},"end":{"line":82,"column":null}},{"start":{},"end":{}}],"line":82},"7":{"loc":{"start":{"line":83,"column":6},"end":{"line":83,"column":null}},"type":"if","locations":[{"start":{"line":83,"column":6},"end":{"line":83,"column":null}},{"start":{},"end":{}}],"line":83},"8":{"loc":{"start":{"line":84,"column":6},"end":{"line":84,"column":null}},"type":"if","locations":[{"start":{"line":84,"column":6},"end":{"line":84,"column":null}},{"start":{},"end":{}}],"line":84},"9":{"loc":{"start":{"line":90,"column":6},"end":{"line":95,"column":null}},"type":"if","locations":[{"start":{"line":90,"column":6},"end":{"line":95,"column":null}},{"start":{},"end":{}}],"line":90},"10":{"loc":{"start":{"line":114,"column":8},"end":{"line":121,"column":null}},"type":"if","locations":[{"start":{"line":114,"column":8},"end":{"line":121,"column":null}},{"start":{},"end":{}}],"line":114},"11":{"loc":{"start":{"line":131,"column":4},"end":{"line":131,"column":null}},"type":"if","locations":[{"start":{"line":131,"column":4},"end":{"line":131,"column":null}},{"start":{},"end":{}}],"line":131},"12":{"loc":{"start":{"line":134,"column":4},"end":{"line":134,"column":null}},"type":"if","locations":[{"start":{"line":134,"column":4},"end":{"line":134,"column":null}},{"start":{},"end":{}}],"line":134},"13":{"loc":{"start":{"line":139,"column":4},"end":{"line":141,"column":null}},"type":"if","locations":[{"start":{"line":139,"column":4},"end":{"line":141,"column":null}},{"start":{},"end":{}}],"line":139},"14":{"loc":{"start":{"line":148,"column":6},"end":{"line":148,"column":null}},"type":"if","locations":[{"start":{"line":148,"column":6},"end":{"line":148,"column":null}},{"start":{},"end":{}}],"line":148},"15":{"loc":{"start":{"line":151,"column":6},"end":{"line":151,"column":null}},"type":"if","locations":[{"start":{"line":151,"column":6},"end":{"line":151,"column":null}},{"start":{},"end":{}}],"line":151},"16":{"loc":{"start":{"line":156,"column":6},"end":{"line":158,"column":null}},"type":"if","locations":[{"start":{"line":156,"column":6},"end":{"line":158,"column":null}},{"start":{},"end":{}}],"line":156},"17":{"loc":{"start":{"line":164,"column":4},"end":{"line":164,"column":null}},"type":"if","locations":[{"start":{"line":164,"column":4},"end":{"line":164,"column":null}},{"start":{},"end":{}}],"line":164},"18":{"loc":{"start":{"line":167,"column":18},"end":{"line":167,"column":null}},"type":"binary-expr","locations":[{"start":{"line":167,"column":18},"end":{"line":167,"column":45}},{"start":{"line":167,"column":45},"end":{"line":167,"column":null}}],"line":167},"19":{"loc":{"start":{"line":173,"column":6},"end":{"line":175,"column":null}},"type":"if","locations":[{"start":{"line":173,"column":6},"end":{"line":175,"column":null}},{"start":{},"end":{}}],"line":173},"20":{"loc":{"start":{"line":200,"column":6},"end":{"line":202,"column":null}},"type":"if","locations":[{"start":{"line":200,"column":6},"end":{"line":202,"column":null}},{"start":{},"end":{}}],"line":200}},"s":{"0":4,"1":4,"2":4,"3":4,"4":4,"5":4,"6":250,"7":250,"8":250,"9":4,"10":4,"11":250,"12":4,"13":0,"14":0,"15":0,"16":0,"17":0,"18":0,"19":0,"20":0,"21":0,"22":0,"23":0,"24":0,"25":0,"26":0,"27":0,"28":0,"29":0,"30":0,"31":0,"32":0,"33":0,"34":0,"35":0,"36":0,"37":0,"38":0,"39":0,"40":0,"41":0,"42":0,"43":0,"44":0,"45":0,"46":0,"47":0,"48":0,"49":0,"50":0,"51":0,"52":0,"53":0,"54":0,"55":0,"56":4,"57":4,"58":4,"59":4,"60":0,"61":4,"62":4,"63":4,"64":0,"65":0,"66":0,"67":0,"68":4,"69":4,"70":0,"71":0,"72":0,"73":0,"74":0,"75":0,"76":0,"77":0,"78":0,"79":0,"80":4,"81":4,"82":4,"83":0,"84":4,"85":4,"86":4,"87":4,"88":4,"89":4,"90":4,"91":0,"92":4,"93":4,"94":0,"95":0,"96":4,"97":4,"98":4,"99":4,"100":4,"101":4,"102":4,"103":4,"104":0,"105":4},"f":{"0":4,"1":250,"2":4,"3":250,"4":0,"5":0,"6":4,"7":4,"8":0,"9":4,"10":4,"11":0,"12":4},"b":{"0":[4],"1":[4],"2":[4],"3":[0,0],"4":[0,0],"5":[0,0],"6":[0,0],"7":[0,0],"8":[0,0],"9":[0,0],"10":[0,0],"11":[0,4],"12":[4,0],"13":[0,0],"14":[0,0],"15":[0,0],"16":[0,0],"17":[0,4],"18":[4,0],"19":[0,4],"20":[0,4]},"meta":{"lastBranch":21,"lastFunction":13,"lastStatement":106,"seen":{"f:25:16:25:31":0,"b:26:18:26:Infinity":0,"b:27:23:27:Infinity":1,"b:28:10:28:Infinity":2,"s:30:8:30:Infinity":0,"s:31:8:31:Infinity":1,"s:32:8:32:Infinity":2,"s:33:8:33:Infinity":3,"s:36:8:42:Infinity":4,"s:44:8:57:Infinity":5,"f:44:37:44:38":1,"s:45:19:45:Infinity":6,"s:46:22:46:Infinity":7,"s:47:4:56:Infinity":8,"s:59:8:63:Infinity":9,"f:59:36:59:37":2,"s:60:4:62:Infinity":10,"f:60:65:60:Infinity":3,"s:61:6:61:Infinity":11,"s:65:8:124:Infinity":12,"f:65:36:65:37":4,"s:66:22:66:Infinity":13,"s:69:4:102:Infinity":14,"f:69:22:69:23":5,"s:71:6:71:Infinity":15,"s:72:6:72:Infinity":16,"s:75:6:75:Infinity":17,"b:76:6:78:Infinity:undefined:undefined:undefined:undefined":3,"s:76:6:78:Infinity":18,"b:76:10:76:35:76:35:76:58":4,"s:77:8:77:Infinity":19,"b:81:6:81:Infinity:undefined:undefined:undefined:undefined":5,"s:81:6:81:Infinity":20,"s:81:28:81:Infinity":21,"b:82:6:82:Infinity:undefined:undefined:undefined:undefined":6,"s:82:6:82:Infinity":22,"s:82:35:82:Infinity":23,"b:83:6:83:Infinity:undefined:undefined:undefined:undefined":7,"s:83:6:83:Infinity":24,"s:83:28:83:Infinity":25,"b:84:6:84:Infinity:undefined:undefined:undefined:undefined":8,"s:84:6:84:Infinity":26,"s:84:36:84:Infinity":27,"s:87:17:87:Infinity":28,"s:88:17:88:Infinity":29,"s:89:23:89:Infinity":30,"b:90:6:95:Infinity:undefined:undefined:undefined:undefined":9,"s:90:6:95:Infinity":31,"s:91:22:91:Infinity":32,"s:92:14:92:Infinity":33,"s:93:8:93:Infinity":34,"s:94:8:94:Infinity":35,"s:98:6:98:Infinity":36,"s:99:6:99:Infinity":37,"s:100:6:100:Infinity":38,"s:101:6:101:Infinity":39,"s:105:4:105:Infinity":40,"s:106:4:106:Infinity":41,"s:108:4:123:Infinity":42,"s:108:17:108:20":43,"s:109:6:122:Infinity":44,"s:109:19:109:26":45,"s:110:19:110:Infinity":46,"s:111:19:111:Infinity":47,"s:112:25:112:Infinity":48,"b:114:8:121:Infinity:undefined:undefined:undefined:undefined":10,"s:114:8:121:Infinity":49,"s:115:16:115:Infinity":50,"s:116:10:116:Infinity":51,"s:117:10:117:Infinity":52,"s:118:10:118:Infinity":53,"s:119:10:119:Infinity":54,"s:120:10:120:Infinity":55,"s:127:8:127:Infinity":56,"s:129:8:142:Infinity":57,"f:129:30:129:36":6,"s:130:19:130:Infinity":58,"b:131:4:131:Infinity:undefined:undefined:undefined:undefined":11,"s:131:4:131:Infinity":59,"s:131:17:131:Infinity":60,"s:133:16:133:Infinity":61,"b:134:4:134:Infinity:undefined:undefined:undefined:undefined":12,"s:134:4:134:Infinity":62,"s:134:14:134:Infinity":63,"s:136:4:136:Infinity":64,"s:137:4:137:Infinity":65,"b:139:4:141:Infinity:undefined:undefined:undefined:undefined":13,"s:139:4:141:Infinity":66,"s:140:6:140:Infinity":67,"s:144:2:160:Infinity":68,"f:144:12:144:18":7,"s:146:4:159:Infinity":69,"f:146:33:146:39":8,"s:147:21:147:Infinity":70,"b:148:6:148:Infinity:undefined:undefined:undefined:undefined":14,"s:148:6:148:Infinity":71,"s:148:19:148:Infinity":72,"s:150:18:150:Infinity":73,"b:151:6:151:Infinity:undefined:undefined:undefined:undefined":15,"s:151:6:151:Infinity":74,"s:151:16:151:Infinity":75,"s:153:6:153:Infinity":76,"s:154:6:154:Infinity":77,"b:156:6:158:Infinity:undefined:undefined:undefined:undefined":16,"s:156:6:158:Infinity":78,"s:157:8:157:Infinity":79,"s:162:2:204:Infinity":80,"f:162:12:162:18":9,"s:163:19:163:Infinity":81,"b:164:4:164:Infinity:undefined:undefined:undefined:undefined":17,"s:164:4:164:Infinity":82,"s:164:17:164:Infinity":83,"s:166:25:179:Infinity":84,"f:166:25:166:31":10,"s:167:18:167:Infinity":85,"b:167:18:167:45:167:45:167:Infinity":18,"s:168:19:168:Infinity":86,"s:169:6:169:Infinity":87,"s:170:6:170:Infinity":88,"s:172:18:172:Infinity":89,"b:173:6:175:Infinity:undefined:undefined:undefined:undefined":19,"s:173:6:175:Infinity":90,"s:174:8:174:Infinity":91,"s:178:6:178:Infinity":92,"s:181:28:187:Infinity":93,"f:181:28:181:29":11,"s:182:19:182:Infinity":94,"s:183:6:186:Infinity":95,"s:190:4:190:Infinity":96,"s:191:4:191:Infinity":97,"s:192:4:192:Infinity":98,"s:195:4:195:Infinity":99,"s:197:4:203:Infinity":100,"f:197:11:197:17":12,"s:198:6:198:Infinity":101,"s:199:6:199:Infinity":102,"b:200:6:202:Infinity:undefined:undefined:undefined:undefined":20,"s:200:6:202:Infinity":103,"s:201:8:201:Infinity":104,"s:206:2:215:Infinity":105}}}
,"/mnt/data/wd/worldBuilder/src/components/shared/Toast.tsx": {"path":"/mnt/data/wd/worldBuilder/src/components/shared/Toast.tsx","statementMap":{"0":{"start":{"line":11,"column":26},"end":{"line":11,"column":null}},"1":{"start":{"line":13,"column":8},"end":{"line":30,"column":null}},"2":{"start":{"line":14,"column":15},"end":{"line":14,"column":null}},"3":{"start":{"line":15,"column":35},"end":{"line":19,"column":null}},"4":{"start":{"line":21,"column":4},"end":{"line":21,"column":null}},"5":{"start":{"line":21,"column":24},"end":{"line":21,"column":43}},"6":{"start":{"line":24,"column":4},"end":{"line":29,"column":null}},"7":{"start":{"line":25,"column":24},"end":{"line":27,"column":null}},"8":{"start":{"line":26,"column":8},"end":{"line":26,"column":null}},"9":{"start":{"line":26,"column":28},"end":{"line":26,"column":59}},"10":{"start":{"line":26,"column":47},"end":{"line":26,"column":58}},"11":{"start":{"line":28,"column":6},"end":{"line":28,"column":null}},"12":{"start":{"line":28,"column":19},"end":{"line":28,"column":null}},"13":{"start":{"line":32,"column":8},"end":{"line":34,"column":null}},"14":{"start":{"line":33,"column":4},"end":{"line":33,"column":null}},"15":{"start":{"line":33,"column":24},"end":{"line":33,"column":55}},"16":{"start":{"line":33,"column":43},"end":{"line":33,"column":54}},"17":{"start":{"line":36,"column":2},"end":{"line":63,"column":null}},"18":{"start":{"line":55,"column":12},"end":{"line":59,"column":null}},"19":{"start":{"line":58,"column":29},"end":{"line":58,"column":null}},"20":{"start":{"line":73,"column":16},"end":{"line":78,"column":null}},"21":{"start":{"line":80,"column":17},"end":{"line":101,"column":null}},"22":{"start":{"line":103,"column":15},"end":{"line":103,"column":null}},"23":{"start":{"line":104,"column":16},"end":{"line":104,"column":null}},"24":{"start":{"line":106,"column":2},"end":{"line":177,"column":null}},"25":{"start":{"line":158,"column":10},"end":{"line":158,"column":null}},"26":{"start":{"line":159,"column":10},"end":{"line":159,"column":null}},"27":{"start":{"line":171,"column":30},"end":{"line":171,"column":null}},"28":{"start":{"line":172,"column":30},"end":{"line":172,"column":null}},"29":{"start":{"line":196,"column":16},"end":{"line":201,"column":null}},"30":{"start":{"line":203,"column":17},"end":{"line":224,"column":null}},"31":{"start":{"line":226,"column":15},"end":{"line":226,"column":null}},"32":{"start":{"line":227,"column":16},"end":{"line":227,"column":null}},"33":{"start":{"line":229,"column":2},"end":{"line":297,"column":null}},"34":{"start":{"line":290,"column":32},"end":{"line":290,"column":null}},"35":{"start":{"line":291,"column":32},"end":{"line":291,"column":null}}},"fnMap":{"0":{"name":"ToastProvider","decl":{"start":{"line":10,"column":16},"end":{"line":10,"column":30}},"loc":{"start":{"line":10,"column":69},"end":{"line":65,"column":null}},"line":10},"1":{"name":"(anonymous_1)","decl":{"start":{"line":13,"column":31},"end":{"line":13,"column":32}},"loc":{"start":{"line":13,"column":68},"end":{"line":30,"column":5}},"line":13},"2":{"name":"(anonymous_2)","decl":{"start":{"line":21,"column":14},"end":{"line":21,"column":15}},"loc":{"start":{"line":21,"column":24},"end":{"line":21,"column":43}},"line":21},"3":{"name":"(anonymous_3)","decl":{"start":{"line":25,"column":35},"end":{"line":25,"column":41}},"loc":{"start":{"line":25,"column":41},"end":{"line":27,"column":9}},"line":25},"4":{"name":"(anonymous_4)","decl":{"start":{"line":26,"column":18},"end":{"line":26,"column":19}},"loc":{"start":{"line":26,"column":28},"end":{"line":26,"column":59}},"line":26},"5":{"name":"(anonymous_5)","decl":{"start":{"line":26,"column":40},"end":{"line":26,"column":41}},"loc":{"start":{"line":26,"column":47},"end":{"line":26,"column":58}},"line":26},"6":{"name":"(anonymous_6)","decl":{"start":{"line":28,"column":13},"end":{"line":28,"column":19}},"loc":{"start":{"line":28,"column":19},"end":{"line":28,"column":null}},"line":28},"7":{"name":"(anonymous_7)","decl":{"start":{"line":32,"column":34},"end":{"line":32,"column":35}},"loc":{"start":{"line":32,"column":50},"end":{"line":34,"column":5}},"line":32},"8":{"name":"(anonymous_8)","decl":{"start":{"line":33,"column":14},"end":{"line":33,"column":15}},"loc":{"start":{"line":33,"column":24},"end":{"line":33,"column":55}},"line":33},"9":{"name":"(anonymous_9)","decl":{"start":{"line":33,"column":36},"end":{"line":33,"column":37}},"loc":{"start":{"line":33,"column":43},"end":{"line":33,"column":54}},"line":33},"10":{"name":"(anonymous_10)","decl":{"start":{"line":54,"column":22},"end":{"line":54,"column":23}},"loc":{"start":{"line":55,"column":12},"end":{"line":59,"column":null}},"line":55},"11":{"name":"(anonymous_11)","decl":{"start":{"line":58,"column":23},"end":{"line":58,"column":29}},"loc":{"start":{"line":58,"column":29},"end":{"line":58,"column":null}},"line":58},"12":{"name":"ToastItem","decl":{"start":{"line":72,"column":9},"end":{"line":72,"column":19}},"loc":{"start":{"line":72,"column":55},"end":{"line":179,"column":null}},"line":72},"13":{"name":"(anonymous_13)","decl":{"start":{"line":157,"column":17},"end":{"line":157,"column":18}},"loc":{"start":{"line":157,"column":24},"end":{"line":160,"column":null}},"line":157},"14":{"name":"(anonymous_14)","decl":{"start":{"line":171,"column":22},"end":{"line":171,"column":23}},"loc":{"start":{"line":171,"column":30},"end":{"line":171,"column":null}},"line":171},"15":{"name":"(anonymous_15)","decl":{"start":{"line":172,"column":22},"end":{"line":172,"column":23}},"loc":{"start":{"line":172,"column":30},"end":{"line":172,"column":null}},"line":172},"16":{"name":"Toast","decl":{"start":{"line":185,"column":16},"end":{"line":185,"column":22}},"loc":{"start":{"line":195,"column":3},"end":{"line":299,"column":null}},"line":195},"17":{"name":"(anonymous_17)","decl":{"start":{"line":290,"column":24},"end":{"line":290,"column":25}},"loc":{"start":{"line":290,"column":32},"end":{"line":290,"column":null}},"line":290},"18":{"name":"(anonymous_18)","decl":{"start":{"line":291,"column":24},"end":{"line":291,"column":25}},"loc":{"start":{"line":291,"column":32},"end":{"line":291,"column":null}},"line":291}},"branchMap":{"0":{"loc":{"start":{"line":24,"column":4},"end":{"line":29,"column":null}},"type":"if","locations":[{"start":{"line":24,"column":4},"end":{"line":29,"column":null}},{"start":{},"end":{}}],"line":24},"1":{"loc":{"start":{"line":143,"column":9},"end":{"line":152,"column":null}},"type":"binary-expr","locations":[{"start":{"line":143,"column":9},"end":{"line":143,"column":null}},{"start":{"line":144,"column":10},"end":{"line":152,"column":null}}],"line":143},"2":{"loc":{"start":{"line":186,"column":2},"end":{"line":186,"column":null}},"type":"default-arg","locations":[{"start":{"line":186,"column":9},"end":{"line":186,"column":null}}],"line":186},"3":{"loc":{"start":{"line":264,"column":9},"end":{"line":273,"column":null}},"type":"binary-expr","locations":[{"start":{"line":264,"column":9},"end":{"line":264,"column":null}},{"start":{"line":265,"column":10},"end":{"line":273,"column":null}}],"line":264},"4":{"loc":{"start":{"line":277,"column":7},"end":{"line":295,"column":null}},"type":"binary-expr","locations":[{"start":{"line":277,"column":7},"end":{"line":277,"column":null}},{"start":{"line":278,"column":8},"end":{"line":295,"column":null}}],"line":277}},"s":{"0":4,"1":4,"2":0,"3":0,"4":0,"5":0,"6":0,"7":0,"8":0,"9":0,"10":0,"11":0,"12":0,"13":4,"14":0,"15":0,"16":0,"17":4,"18":0,"19":0,"20":0,"21":0,"22":0,"23":0,"24":0,"25":0,"26":0,"27":0,"28":0,"29":6,"30":6,"31":6,"32":6,"33":6,"34":0,"35":0},"f":{"0":4,"1":0,"2":0,"3":0,"4":0,"5":0,"6":0,"7":0,"8":0,"9":0,"10":0,"11":0,"12":0,"13":0,"14":0,"15":0,"16":6,"17":0,"18":0},"b":{"0":[0,0],"1":[0,0],"2":[6],"3":[6,6],"4":[6,0]},"meta":{"lastBranch":5,"lastFunction":19,"lastStatement":36,"seen":{"f:10:16:10:30":0,"s:11:26:11:Infinity":0,"s:13:8:30:Infinity":1,"f:13:31:13:32":1,"s:14:15:14:Infinity":2,"s:15:35:19:Infinity":3,"s:21:4:21:Infinity":4,"f:21:14:21:15":2,"s:21:24:21:43":5,"b:24:4:29:Infinity:undefined:undefined:undefined:undefined":0,"s:24:4:29:Infinity":6,"s:25:24:27:Infinity":7,"f:25:35:25:41":3,"s:26:8:26:Infinity":8,"f:26:18:26:19":4,"s:26:28:26:59":9,"f:26:40:26:41":5,"s:26:47:26:58":10,"s:28:6:28:Infinity":11,"f:28:13:28:19":6,"s:28:19:28:Infinity":12,"s:32:8:34:Infinity":13,"f:32:34:32:35":7,"s:33:4:33:Infinity":14,"f:33:14:33:15":8,"s:33:24:33:55":15,"f:33:36:33:37":9,"s:33:43:33:54":16,"s:36:2:63:Infinity":17,"f:54:22:54:23":10,"s:55:12:59:Infinity":18,"f:58:23:58:29":11,"s:58:29:58:Infinity":19,"f:72:9:72:19":12,"s:73:16:78:Infinity":20,"s:80:17:101:Infinity":21,"s:103:15:103:Infinity":22,"s:104:16:104:Infinity":23,"s:106:2:177:Infinity":24,"b:143:9:143:Infinity:144:10:152:Infinity":1,"f:157:17:157:18":13,"s:158:10:158:Infinity":25,"s:159:10:159:Infinity":26,"f:171:22:171:23":14,"s:171:30:171:Infinity":27,"f:172:22:172:23":15,"s:172:30:172:Infinity":28,"f:185:16:185:22":16,"b:186:9:186:Infinity":2,"s:196:16:201:Infinity":29,"s:203:17:224:Infinity":30,"s:226:15:226:Infinity":31,"s:227:16:227:Infinity":32,"s:229:2:297:Infinity":33,"b:264:9:264:Infinity:265:10:273:Infinity":3,"b:277:7:277:Infinity:278:8:295:Infinity":4,"f:290:24:290:25":17,"s:290:32:290:Infinity":34,"f:291:24:291:25":18,"s:291:32:291:Infinity":35}}}
,"/mnt/data/wd/worldBuilder/src/components/shared/Vignette.tsx": {"path":"/mnt/data/wd/worldBuilder/src/components/shared/Vignette.tsx","statementMap":{"0":{"start":{"line":8,"column":13},"end":{"line":33,"column":null}},"1":{"start":{"line":9,"column":2},"end":{"line":31,"column":null}}},"fnMap":{"0":{"name":"Vignette2","decl":{"start":{"line":8,"column":38},"end":{"line":8,"column":49}},"loc":{"start":{"line":8,"column":49},"end":{"line":33,"column":1}},"line":8}},"branchMap":{},"s":{"0":1,"1":1},"f":{"0":1},"b":{},"meta":{"lastBranch":0,"lastFunction":1,"lastStatement":2,"seen":{"s:8:13:33:Infinity":0,"f:8:38:8:49":0,"s:9:2:31:Infinity":1}}}
,"/mnt/data/wd/worldBuilder/src/components/shared/types.ts": {"path":"/mnt/data/wd/worldBuilder/src/components/shared/types.ts","statementMap":{"0":{"start":{"line":19,"column":13},"end":{"line":19,"column":null}}},"fnMap":{},"branchMap":{},"s":{"0":1},"f":{},"b":{},"meta":{"lastBranch":0,"lastFunction":0,"lastStatement":1,"seen":{"s:19:13:19:Infinity":0}}}
,"/mnt/data/wd/worldBuilder/src/pages/HomePage.tsx": {"path":"/mnt/data/wd/worldBuilder/src/pages/HomePage.tsx","statementMap":{"0":{"start":{"line":7,"column":8},"end":{"line":7,"column":null}},"1":{"start":{"line":7,"column":45},"end":{"line":7,"column":60}},"2":{"start":{"line":8,"column":8},"end":{"line":8,"column":null}},"3":{"start":{"line":8,"column":52},"end":{"line":8,"column":74}},"4":{"start":{"line":9,"column":8},"end":{"line":9,"column":null}},"5":{"start":{"line":9,"column":44},"end":{"line":9,"column":58}},"6":{"start":{"line":10,"column":8},"end":{"line":10,"column":null}},"7":{"start":{"line":10,"column":46},"end":{"line":10,"column":62}},"8":{"start":{"line":11,"column":8},"end":{"line":11,"column":null}},"9":{"start":{"line":11,"column":46},"end":{"line":11,"column":62}},"10":{"start":{"line":12,"column":8},"end":{"line":12,"column":null}},"11":{"start":{"line":12,"column":50},"end":{"line":12,"column":70}},"12":{"start":{"line":13,"column":8},"end":{"line":13,"column":null}},"13":{"start":{"line":13,"column":45},"end":{"line":13,"column":60}},"14":{"start":{"line":15,"column":19},"end":{"line":22,"column":null}},"15":{"start":{"line":24,"column":2},"end":{"line":140,"column":null}},"16":{"start":{"line":74,"column":10},"end":{"line":83,"column":null}},"17":{"start":{"line":90,"column":23},"end":{"line":90,"column":null}},"18":{"start":{"line":91,"column":10},"end":{"line":108,"column":null}},"19":{"start":{"line":127,"column":12},"end":{"line":136,"column":null}}},"fnMap":{"0":{"name":"HomePage","decl":{"start":{"line":6,"column":16},"end":{"line":6,"column":27}},"loc":{"start":{"line":6,"column":27},"end":{"line":142,"column":null}},"line":6},"1":{"name":"(anonymous_1)","decl":{"start":{"line":7,"column":34},"end":{"line":7,"column":35}},"loc":{"start":{"line":7,"column":45},"end":{"line":7,"column":60}},"line":7},"2":{"name":"(anonymous_2)","decl":{"start":{"line":8,"column":41},"end":{"line":8,"column":42}},"loc":{"start":{"line":8,"column":52},"end":{"line":8,"column":74}},"line":8},"3":{"name":"(anonymous_3)","decl":{"start":{"line":9,"column":33},"end":{"line":9,"column":34}},"loc":{"start":{"line":9,"column":44},"end":{"line":9,"column":58}},"line":9},"4":{"name":"(anonymous_4)","decl":{"start":{"line":10,"column":35},"end":{"line":10,"column":36}},"loc":{"start":{"line":10,"column":46},"end":{"line":10,"column":62}},"line":10},"5":{"name":"(anonymous_5)","decl":{"start":{"line":11,"column":35},"end":{"line":11,"column":36}},"loc":{"start":{"line":11,"column":46},"end":{"line":11,"column":62}},"line":11},"6":{"name":"(anonymous_6)","decl":{"start":{"line":12,"column":39},"end":{"line":12,"column":40}},"loc":{"start":{"line":12,"column":50},"end":{"line":12,"column":70}},"line":12},"7":{"name":"(anonymous_7)","decl":{"start":{"line":13,"column":34},"end":{"line":13,"column":35}},"loc":{"start":{"line":13,"column":45},"end":{"line":13,"column":60}},"line":13},"8":{"name":"(anonymous_8)","decl":{"start":{"line":73,"column":14},"end":{"line":73,"column":15}},"loc":{"start":{"line":74,"column":10},"end":{"line":83,"column":null}},"line":74},"9":{"name":"(anonymous_9)","decl":{"start":{"line":89,"column":22},"end":{"line":89,"column":23}},"loc":{"start":{"line":89,"column":35},"end":{"line":110,"column":9}},"line":89},"10":{"name":"(anonymous_10)","decl":{"start":{"line":126,"column":16},"end":{"line":126,"column":17}},"loc":{"start":{"line":127,"column":12},"end":{"line":136,"column":null}},"line":127}},"branchMap":{"0":{"loc":{"start":{"line":130,"column":16},"end":{"line":132,"column":null}},"type":"cond-expr","locations":[{"start":{"line":131,"column":20},"end":{"line":131,"column":null}},{"start":{"line":132,"column":20},"end":{"line":132,"column":null}}],"line":130},"1":{"loc":{"start":{"line":134,"column":17},"end":{"line":134,"column":null}},"type":"cond-expr","locations":[{"start":{"line":134,"column":46},"end":{"line":134,"column":61}},{"start":{"line":134,"column":61},"end":{"line":134,"column":null}}],"line":134}},"s":{"0":4,"1":12,"2":4,"3":12,"4":4,"5":12,"6":4,"7":12,"8":4,"9":12,"10":4,"11":12,"12":4,"13":12,"14":4,"15":4,"16":20,"17":24,"18":24,"19":24},"f":{"0":4,"1":12,"2":12,"3":12,"4":12,"5":12,"6":12,"7":12,"8":20,"9":24,"10":24},"b":{"0":[20,4],"1":[20,4]},"meta":{"lastBranch":2,"lastFunction":11,"lastStatement":20,"seen":{"f:6:16:6:27":0,"s:7:8:7:Infinity":0,"f:7:34:7:35":1,"s:7:45:7:60":1,"s:8:8:8:Infinity":2,"f:8:41:8:42":2,"s:8:52:8:74":3,"s:9:8:9:Infinity":4,"f:9:33:9:34":3,"s:9:44:9:58":5,"s:10:8:10:Infinity":6,"f:10:35:10:36":4,"s:10:46:10:62":7,"s:11:8:11:Infinity":8,"f:11:35:11:36":5,"s:11:46:11:62":9,"s:12:8:12:Infinity":10,"f:12:39:12:40":6,"s:12:50:12:70":11,"s:13:8:13:Infinity":12,"f:13:34:13:35":7,"s:13:45:13:60":13,"s:15:19:22:Infinity":14,"s:24:2:140:Infinity":15,"f:73:14:73:15":8,"s:74:10:83:Infinity":16,"f:89:22:89:23":9,"s:90:23:90:Infinity":17,"s:91:10:108:Infinity":18,"f:126:16:126:17":10,"s:127:12:136:Infinity":19,"b:131:20:131:Infinity:132:20:132:Infinity":0,"b:134:46:134:61:134:61:134:Infinity":1}}}
,"/mnt/data/wd/worldBuilder/src/store/index.ts": {"path":"/mnt/data/wd/worldBuilder/src/store/index.ts","statementMap":{},"fnMap":{},"branchMap":{},"s":{},"f":{},"b":{},"meta":{"lastBranch":0,"lastFunction":0,"lastStatement":0,"seen":{}}}
,"/mnt/data/wd/worldBuilder/src/store/useWorldStore.ts": {"path":"/mnt/data/wd/worldBuilder/src/store/useWorldStore.ts","statementMap":{"0":{"start":{"line":216,"column":13},"end":{"line":262,"column":null}},"1":{"start":{"line":216,"column":63},"end":{"line":262,"column":2}},"2":{"start":{"line":244,"column":27},"end":{"line":244,"column":null}},"3":{"start":{"line":246,"column":29},"end":{"line":246,"column":null}},"4":{"start":{"line":249,"column":25},"end":{"line":249,"column":null}},"5":{"start":{"line":250,"column":4},"end":{"line":250,"column":null}},"6":{"start":{"line":250,"column":30},"end":{"line":250,"column":41}},"7":{"start":{"line":254,"column":27},"end":{"line":254,"column":null}},"8":{"start":{"line":255,"column":4},"end":{"line":255,"column":null}},"9":{"start":{"line":255,"column":32},"end":{"line":255,"column":43}},"10":{"start":{"line":259,"column":27},"end":{"line":259,"column":null}},"11":{"start":{"line":260,"column":4},"end":{"line":260,"column":null}},"12":{"start":{"line":260,"column":32},"end":{"line":260,"column":43}}},"fnMap":{"0":{"name":"(anonymous_0)","decl":{"start":{"line":216,"column":48},"end":{"line":216,"column":49}},"loc":{"start":{"line":216,"column":63},"end":{"line":262,"column":2}},"line":216},"1":{"name":"(anonymous_1)","decl":{"start":{"line":244,"column":17},"end":{"line":244,"column":18}},"loc":{"start":{"line":244,"column":27},"end":{"line":244,"column":null}},"line":244},"2":{"name":"(anonymous_2)","decl":{"start":{"line":246,"column":18},"end":{"line":246,"column":19}},"loc":{"start":{"line":246,"column":29},"end":{"line":246,"column":null}},"line":246},"3":{"name":"(anonymous_3)","decl":{"start":{"line":248,"column":18},"end":{"line":248,"column":19}},"loc":{"start":{"line":248,"column":26},"end":{"line":251,"column":null}},"line":248},"4":{"name":"(anonymous_4)","decl":{"start":{"line":250,"column":25},"end":{"line":250,"column":30}},"loc":{"start":{"line":250,"column":30},"end":{"line":250,"column":41}},"line":250},"5":{"name":"(anonymous_5)","decl":{"start":{"line":253,"column":20},"end":{"line":253,"column":21}},"loc":{"start":{"line":253,"column":28},"end":{"line":256,"column":null}},"line":253},"6":{"name":"(anonymous_6)","decl":{"start":{"line":255,"column":27},"end":{"line":255,"column":32}},"loc":{"start":{"line":255,"column":32},"end":{"line":255,"column":43}},"line":255},"7":{"name":"(anonymous_7)","decl":{"start":{"line":258,"column":17},"end":{"line":258,"column":18}},"loc":{"start":{"line":258,"column":25},"end":{"line":261,"column":null}},"line":258},"8":{"name":"(anonymous_8)","decl":{"start":{"line":260,"column":27},"end":{"line":260,"column":32}},"loc":{"start":{"line":260,"column":32},"end":{"line":260,"column":43}},"line":260}},"branchMap":{"0":{"loc":{"start":{"line":250,"column":11},"end":{"line":250,"column":null}},"type":"binary-expr","locations":[{"start":{"line":250,"column":11},"end":{"line":250,"column":46}},{"start":{"line":250,"column":46},"end":{"line":250,"column":null}}],"line":250},"1":{"loc":{"start":{"line":255,"column":11},"end":{"line":255,"column":null}},"type":"binary-expr","locations":[{"start":{"line":255,"column":11},"end":{"line":255,"column":48}},{"start":{"line":255,"column":48},"end":{"line":255,"column":null}}],"line":255},"2":{"loc":{"start":{"line":260,"column":11},"end":{"line":260,"column":null}},"type":"binary-expr","locations":[{"start":{"line":260,"column":11},"end":{"line":260,"column":48}},{"start":{"line":260,"column":48},"end":{"line":260,"column":null}}],"line":260}},"s":{"0":2,"1":2,"2":1,"3":1,"4":2,"5":2,"6":11,"7":1,"8":1,"9":1,"10":1,"11":1,"12":1},"f":{"0":2,"1":1,"2":1,"3":2,"4":11,"5":1,"6":1,"7":1,"8":1},"b":{"0":[2,1],"1":[1,0],"2":[1,0]},"meta":{"lastBranch":3,"lastFunction":9,"lastStatement":13,"seen":{"s:216:13:262:Infinity":0,"f:216:48:216:49":0,"s:216:63:262:2":1,"f:244:17:244:18":1,"s:244:27:244:Infinity":2,"f:246:18:246:19":2,"s:246:29:246:Infinity":3,"f:248:18:248:19":3,"s:249:25:249:Infinity":4,"s:250:4:250:Infinity":5,"b:250:11:250:46:250:46:250:Infinity":0,"f:250:25:250:30":4,"s:250:30:250:41":6,"f:253:20:253:21":5,"s:254:27:254:Infinity":7,"s:255:4:255:Infinity":8,"b:255:11:255:48:255:48:255:Infinity":1,"f:255:27:255:32":6,"s:255:32:255:43":9,"f:258:17:258:18":7,"s:259:27:259:Infinity":10,"s:260:4:260:Infinity":11,"b:260:11:260:48:260:48:260:Infinity":2,"f:260:27:260:32":8,"s:260:32:260:43":12}}}
}
